<?xml version="1.0" encoding="UTF-8"?>
<!-- Generated by org.testng.reporters.JUnitReportReporter -->
<testsuite hostname="DESKTOP-0A7DVIM" failures="0" tests="1" name="com.simplilearn.TestingMedicareWebApplication.Testcases$testcase004" time="3.803" errors="0" timestamp="2023-09-05T21:17:43 IST" skipped="0">
  <testcase classname="com.simplilearn.TestingMedicareWebApplication.Testcases$testcase004" name="contact" time="3.803"/>
</testsuite> <!-- com.simplilearn.TestingMedicareWebApplication.Testcases$testcase004 -->
