<?xml version="1.0" encoding="UTF-8"?>
<!-- Generated by org.testng.reporters.JUnitReportReporter -->
<testsuite hostname="DESKTOP-0A7DVIM" failures="0" tests="1" name="com.simplilearn.TestingMedicareWebApplication.Testcases" time="9.447" errors="0" timestamp="2023-09-03T13:24:09 IST" skipped="0">
  <testcase classname="com.simplilearn.TestingMedicareWebApplication.Testcases" name="singup" time="9.447"/>
</testsuite> <!-- com.simplilearn.TestingMedicareWebApplication.Testcases -->
