<?xml version="1.0" encoding="UTF-8"?>
<!-- Generated by org.testng.reporters.JUnitReportReporter -->
<testsuite hostname="DESKTOP-0A7DVIM" failures="0" tests="1" name="com.simplilearn.TestingMedicareWebApplication.LoginPage" time="4.725" errors="0" timestamp="2023-09-03T12:13:19 IST" skipped="0">
  <testcase classname="com.simplilearn.TestingMedicareWebApplication.LoginPage" name="loginpage" time="4.725"/>
</testsuite> <!-- com.simplilearn.TestingMedicareWebApplication.LoginPage -->
