<?xml version="1.0" encoding="UTF-8"?>
<!-- Generated by org.testng.reporters.JUnitReportReporter -->
<testsuite hostname="DESKTOP-0A7DVIM" failures="0" tests="1" name="com.simplilearn.TestingMedicareWebApplication.Testcases$testcase003" time="3.424" errors="0" timestamp="2023-09-05T21:17:43 IST" skipped="0">
  <testcase classname="com.simplilearn.TestingMedicareWebApplication.Testcases$testcase003" name="home" time="3.424"/>
</testsuite> <!-- com.simplilearn.TestingMedicareWebApplication.Testcases$testcase003 -->
