<?xml version="1.0" encoding="UTF-8"?>
<!-- Generated by org.testng.reporters.JUnitReportReporter -->
<testsuite hostname="DESKTOP-0A7DVIM" failures="0" tests="1" name="com.simplilearn.TestingMedicareWebApplication.Listproducts" time="8.544" errors="0" timestamp="2023-09-03T22:56:18 IST" skipped="0">
  <testcase classname="com.simplilearn.TestingMedicareWebApplication.Listproducts" name="products" time="8.544"/>
</testsuite> <!-- com.simplilearn.TestingMedicareWebApplication.Listproducts -->
