<?xml version="1.0" encoding="UTF-8"?>
<!-- Generated by org.testng.reporters.JUnitReportReporter -->
<testsuite hostname="DESKTOP-0A7DVIM" failures="0" tests="1" name="com.simplilearn.TestingMedicareWebApplication.Addtocart" time="14.532" errors="0" timestamp="2023-09-04T00:07:04 IST" skipped="0">
  <testcase classname="com.simplilearn.TestingMedicareWebApplication.Addtocart" name="add" time="14.532"/>
</testsuite> <!-- com.simplilearn.TestingMedicareWebApplication.Addtocart -->
