<?xml version="1.0" encoding="UTF-8"?>
<!-- Generated by org.testng.reporters.JUnitReportReporter -->
<testsuite hostname="DESKTOP-0A7DVIM" failures="0" tests="1" name="com.simplilearn.TestingMedicareWebApplication.Homepage" time="4.646" errors="0" timestamp="2023-09-03T12:44:37 IST" skipped="0">
  <testcase classname="com.simplilearn.TestingMedicareWebApplication.Homepage" name="loginpage" time="4.646"/>
</testsuite> <!-- com.simplilearn.TestingMedicareWebApplication.Homepage -->
